<?xml version="1.0" encoding="UTF-8"?>
<!-- Generated by org.testng.reporters.JUnitXMLReporter -->
<testsuite ignored="0" hostname="PE-HO-031" failures="2" tests="2" name="Test1" time="3.324" errors="0" timestamp="2022-02-24T14:48:38 COT">
  <testcase classname="com.testNG.EjemploTestNG" name="pruebaMercuryToursTestNG" time="0.867">
    <failure type="org.testng.internal.reflect.MethodMatcherException" message="
[public void com.testNG.EjemploTestNG.pruebaMercuryToursTestNG(java.lang.String,java.lang.String,java.lang.String,java.lang.String,java.lang.String,java.lang.String,java.lang.String,java.lang.String,java.lang.String,java.lang.String,java.lang.String,java.lang.String,java.lang.String,java.lang.String) throws java.lang.Exception] has no parameters defined but was found to be using a data provider (either explicitly specified or inherited from class level annotation).
Data provider mismatch
Method: pruebaMercuryToursTestNG([Parameter{index=0, type=java.lang.String, declaredAnnotations=[]}, Parameter{index=1, type=java.lang.String, declaredAnnotations=[]}, Parameter{index=2, type=java.lang.String, declaredAnnotations=[]}, Parameter{index=3, type=java.lang.String, declaredAnnotations=[]}, Parameter{index=4, type=java.lang.String, declaredAnnotations=[]}, Parameter{index=5, type=java.lang.String, declaredAnnotations=[]}, Parameter{index=6, type=java.lang.String, declaredAnnotations=[]}, Parameter{index=7, type=java.lang.String, declaredAnnotations=[]}, Parameter{index=8, type=java.lang.String, declaredAnnotations=[]}, Parameter{index=9, type=java.lang.String, declaredAnnotations=[]}, Parameter{index=10, type=java.lang.String, declaredAnnotations=[]}, Parameter{index=11, type=java.lang.String, declaredAnnotations=[]}, Parameter{index=12, type=java.lang.String, declaredAnnotations=[]}, Parameter{index=13, type=java.lang.String, declaredAnnotations=[]}])
Arguments: [(java.lang.String) SI,(java.lang.String) Pablo Cesar,(java.lang.String) Rojas Romero,(java.lang.String) 6011234567,(java.lang.String) pablorojas@cbit-online.com,(java.lang.String)  Av. Cra 19 #95-20,(java.lang.String) Bogota D.C,(java.lang.String) Cundinamarca,(java.lang.String) 110121,(java.lang.String) COLOMBIA,(java.lang.String) pablorojas,(java.lang.String) 1234,(java.lang.String) 1234]">
      <![CDATA[org.testng.internal.reflect.MethodMatcherException: 
[public void com.testNG.EjemploTestNG.pruebaMercuryToursTestNG(java.lang.String,java.lang.String,java.lang.String,java.lang.String,java.lang.String,java.lang.String,java.lang.String,java.lang.String,java.lang.String,java.lang.String,java.lang.String,java.lang.String,java.lang.String,java.lang.String) throws java.lang.Exception] has no parameters defined but was found to be using a data provider (either explicitly specified or inherited from class level annotation).
Data provider mismatch
Method: pruebaMercuryToursTestNG([Parameter{index=0, type=java.lang.String, declaredAnnotations=[]}, Parameter{index=1, type=java.lang.String, declaredAnnotations=[]}, Parameter{index=2, type=java.lang.String, declaredAnnotations=[]}, Parameter{index=3, type=java.lang.String, declaredAnnotations=[]}, Parameter{index=4, type=java.lang.String, declaredAnnotations=[]}, Parameter{index=5, type=java.lang.String, declaredAnnotations=[]}, Parameter{index=6, type=java.lang.String, declaredAnnotations=[]}, Parameter{index=7, type=java.lang.String, declaredAnnotations=[]}, Parameter{index=8, type=java.lang.String, declaredAnnotations=[]}, Parameter{index=9, type=java.lang.String, declaredAnnotations=[]}, Parameter{index=10, type=java.lang.String, declaredAnnotations=[]}, Parameter{index=11, type=java.lang.String, declaredAnnotations=[]}, Parameter{index=12, type=java.lang.String, declaredAnnotations=[]}, Parameter{index=13, type=java.lang.String, declaredAnnotations=[]}])
Arguments: [(java.lang.String) SI,(java.lang.String) Pablo Cesar,(java.lang.String) Rojas Romero,(java.lang.String) 6011234567,(java.lang.String) pablorojas@cbit-online.com,(java.lang.String)  Av. Cra 19 #95-20,(java.lang.String) Bogota D.C,(java.lang.String) Cundinamarca,(java.lang.String) 110121,(java.lang.String) COLOMBIA,(java.lang.String) pablorojas,(java.lang.String) 1234,(java.lang.String) 1234]
at java.base/java.util.ArrayList.forEach(ArrayList.java:1511)
... Removed 22 stack frames]]>
    </failure>
  </testcase> <!-- pruebaMercuryToursTestNG -->
  <testcase classname="com.testNG.EjemploTestNG" name="pruebaPeriferiaTestNG" time="0.005">
    <failure type="java.lang.NullPointerException" message="Cannot invoke &amp;quot;com.PagsObjet.PagsObjetInicio.crearCarpeta(String)&amp;quot; because &amp;quot;this.paginas&amp;quot; is null">
      <![CDATA[java.lang.NullPointerException: Cannot invoke "com.PagsObjet.PagsObjetInicio.crearCarpeta(String)" because "this.paginas" is null
at com.testNG.EjemploTestNG.pruebaPeriferiaTestNG(EjemploTestNG.java:99)
at java.base/java.util.ArrayList.forEach(ArrayList.java:1511)
... Removed 27 stack frames]]>
    </failure>
  </testcase> <!-- pruebaPeriferiaTestNG -->
</testsuite> <!-- Test1 -->
