<?xml version="1.0" encoding="UTF-8"?>
<testng-results ignored="0" total="4" passed="3" failed="1" skipped="0">
  <reporter-output>
  </reporter-output>
  <suite started-at="2022-03-02T11:40:53 COT" name="Suite" finished-at="2022-03-02T11:48:52 COT" duration-ms="478408">
    <groups>
    </groups>
    <test started-at="2022-03-02T11:40:53 COT" name="Test" finished-at="2022-03-02T11:48:52 COT" duration-ms="478408">
      <class name="com.testNG.RunTestNG">
        <test-method is-config="true" signature="beforeClass(java.lang.String, java.lang.String, java.lang.String, java.lang.String, java.lang.String, java.lang.String)[pri:0, instance:com.testNG.RunTestNG@1e802ef9]" started-at="2022-03-02T11:40:53 COT" name="beforeClass" finished-at="2022-03-02T11:40:57 COT" duration-ms="3846" status="PASS">
          <params>
            <param index="0">
              <value>
                <![CDATA[https://demo.guru99.com/selenium/newtours/index.php]]>
              </value>
            </param>
            <param index="1">
              <value>
                <![CDATA[https://www.google.com/]]>
              </value>
            </param>
            <param index="2">
              <value>
                <![CDATA[https://www.mercadolibre.com.co/]]>
              </value>
            </param>
            <param index="3">
              <value>
                <![CDATA[https://demoqa.com]]>
              </value>
            </param>
            <param index="4">
              <value>
                <![CDATA[./imagenes/logo_periferia.png]]>
              </value>
            </param>
            <param index="5">
              <value>
                <![CDATA[./output/]]>
              </value>
            </param>
          </params>
          <reporter-output>
          </reporter-output>
        </test-method> <!-- beforeClass -->
        <test-method signature="pruebaDemoQATestNG(java.lang.String, java.lang.String, java.lang.String, java.lang.String, java.lang.String, java.lang.String, java.lang.String, java.lang.String, java.lang.String, java.lang.String, java.lang.String, java.lang.String, java.lang.String, java.lang.String)[pri:0, instance:com.testNG.RunTestNG@1e802ef9]" started-at="2022-03-02T11:40:58 COT" name="pruebaDemoQATestNG" description="acceso a DemoQA" data-provider="busqueda3" finished-at="2022-03-02T11:43:15 COT" duration-ms="136716" status="PASS">
          <params>
            <param index="0">
              <value>
                <![CDATA[SI]]>
              </value>
            </param>
            <param index="1">
              <value>
                <![CDATA[SI]]>
              </value>
            </param>
            <param index="2">
              <value>
                <![CDATA[Pablo Cesar]]>
              </value>
            </param>
            <param index="3">
              <value>
                <![CDATA[Rojas Romero]]>
              </value>
            </param>
            <param index="4">
              <value>
                <![CDATA[pablorojas@cbit-online.com]]>
              </value>
            </param>
            <param index="5">
              <value>
                <![CDATA[18]]>
              </value>
            </param>
            <param index="6">
              <value>
                <![CDATA[1000000]]>
              </value>
            </param>
            <param index="7">
              <value>
                <![CDATA[Calidad]]>
              </value>
            </param>
            <param index="8">
              <value>
                <![CDATA[Cierra]]>
              </value>
            </param>
            <param index="9">
              <value>
                <![CDATA[0]]>
              </value>
            </param>
            <param index="10">
              <value>
                <![CDATA[09/21/2021]]>
              </value>
            </param>
            <param index="11">
              <value>
                <![CDATA[12/24/2021]]>
              </value>
            </param>
            <param index="12">
              <value>
                <![CDATA[24:00]]>
              </value>
            </param>
            <param index="13">
              <value>
                <![CDATA[PabloRojas]]>
              </value>
            </param>
          </params>
          <reporter-output>
          </reporter-output>
        </test-method> <!-- pruebaDemoQATestNG -->
        <test-method signature="pruebaMercadoLibreTestNG(java.lang.String, java.lang.String, java.lang.String, java.lang.String)[pri:0, instance:com.testNG.RunTestNG@1e802ef9]" started-at="2022-03-02T11:43:15 COT" name="pruebaMercadoLibreTestNG" description="acceso a Mercado Libre" data-provider="busqueda2" finished-at="2022-03-02T11:45:17 COT" duration-ms="121945" status="PASS">
          <params>
            <param index="0">
              <value>
                <![CDATA[SI]]>
              </value>
            </param>
            <param index="1">
              <value>
                <![CDATA[SI]]>
              </value>
            </param>
            <param index="2">
              <value>
                <![CDATA[Forros Autos]]>
              </value>
            </param>
            <param index="3">
              <value>
                <![CDATA[pablorojas@cbit-online.com]]>
              </value>
            </param>
          </params>
          <reporter-output>
          </reporter-output>
        </test-method> <!-- pruebaMercadoLibreTestNG -->
        <test-method signature="pruebaMercuryToursTestNG(java.lang.String, java.lang.String, java.lang.String, java.lang.String, java.lang.String, java.lang.String, java.lang.String, java.lang.String, java.lang.String, java.lang.String, java.lang.String, java.lang.String, java.lang.String, java.lang.String)[pri:0, instance:com.testNG.RunTestNG@1e802ef9]" started-at="2022-03-02T11:45:19 COT" name="pruebaMercuryToursTestNG" description="acceso a Mercury Tours" data-provider="busqueda" finished-at="2022-03-02T11:45:53 COT" duration-ms="34537" status="FAIL">
          <params>
            <param index="0">
              <value>
                <![CDATA[SI]]>
              </value>
            </param>
            <param index="1">
              <value>
                <![CDATA[SI]]>
              </value>
            </param>
            <param index="2">
              <value>
                <![CDATA[Pablo Cesar]]>
              </value>
            </param>
            <param index="3">
              <value>
                <![CDATA[Rojas Romero]]>
              </value>
            </param>
            <param index="4">
              <value>
                <![CDATA[6011234567]]>
              </value>
            </param>
            <param index="5">
              <value>
                <![CDATA[pablorojas@cbit-online.com]]>
              </value>
            </param>
            <param index="6">
              <value>
                <![CDATA[ Av. Cra 19 #95-20]]>
              </value>
            </param>
            <param index="7">
              <value>
                <![CDATA[Bogota D.C]]>
              </value>
            </param>
            <param index="8">
              <value>
                <![CDATA[Cundinamarca]]>
              </value>
            </param>
            <param index="9">
              <value>
                <![CDATA[110121]]>
              </value>
            </param>
            <param index="10">
              <value>
                <![CDATA[COLOMBIA]]>
              </value>
            </param>
            <param index="11">
              <value>
                <![CDATA[pablorojas]]>
              </value>
            </param>
            <param index="12">
              <value>
                <![CDATA[1234]]>
              </value>
            </param>
            <param index="13">
              <value>
                <![CDATA[1234]]>
              </value>
            </param>
          </params>
          <exception class="java.lang.AssertionError">
            <full-stacktrace>
              <![CDATA[java.lang.AssertionError
at com.testNG.RunTestNG.pruebaMercuryToursTestNG(RunTestNG.java:120)
at java.base/jdk.internal.reflect.NativeMethodAccessorImpl.invoke0(Native Method)
at java.base/jdk.internal.reflect.NativeMethodAccessorImpl.invoke(NativeMethodAccessorImpl.java:77)
at java.base/jdk.internal.reflect.DelegatingMethodAccessorImpl.invoke(DelegatingMethodAccessorImpl.java:43)
at java.base/java.lang.reflect.Method.invoke(Method.java:568)
at org.testng.internal.MethodInvocationHelper.invokeMethod(MethodInvocationHelper.java:134)
at org.testng.internal.TestInvoker.invokeMethod(TestInvoker.java:597)
at org.testng.internal.TestInvoker.invokeTestMethod(TestInvoker.java:173)
at org.testng.internal.MethodRunner.runInSequence(MethodRunner.java:46)
at org.testng.internal.TestInvoker$MethodInvocationAgent.invoke(TestInvoker.java:816)
at org.testng.internal.TestInvoker.invokeTestMethods(TestInvoker.java:146)
at org.testng.internal.TestMethodWorker.invokeTestMethods(TestMethodWorker.java:146)
at org.testng.internal.TestMethodWorker.run(TestMethodWorker.java:128)
at java.base/java.util.ArrayList.forEach(ArrayList.java:1511)
at org.testng.TestRunner.privateRun(TestRunner.java:766)
at org.testng.TestRunner.run(TestRunner.java:587)
at org.testng.SuiteRunner.runTest(SuiteRunner.java:384)
at org.testng.SuiteRunner.runSequentially(SuiteRunner.java:378)
at org.testng.SuiteRunner.privateRun(SuiteRunner.java:337)
at org.testng.SuiteRunner.run(SuiteRunner.java:286)
at org.testng.SuiteRunnerWorker.runSuite(SuiteRunnerWorker.java:53)
at org.testng.SuiteRunnerWorker.run(SuiteRunnerWorker.java:96)
at org.testng.TestNG.runSuitesSequentially(TestNG.java:1187)
at org.testng.TestNG.runSuitesLocally(TestNG.java:1109)
at org.testng.TestNG.runSuites(TestNG.java:1039)
at org.testng.TestNG.run(TestNG.java:1007)
at org.testng.remote.AbstractRemoteTestNG.run(AbstractRemoteTestNG.java:115)
at org.testng.remote.RemoteTestNG.initAndRun(RemoteTestNG.java:251)
at org.testng.remote.RemoteTestNG.main(RemoteTestNG.java:77)
]]>
            </full-stacktrace>
          </exception> <!-- java.lang.AssertionError -->
          <reporter-output>
          </reporter-output>
        </test-method> <!-- pruebaMercuryToursTestNG -->
        <test-method signature="pruebaPeriferiaTestNG(java.lang.String, java.lang.String, java.lang.String)[pri:0, instance:com.testNG.RunTestNG@1e802ef9]" started-at="2022-03-02T11:45:53 COT" name="pruebaPeriferiaTestNG" description="acceso a Perifeira" data-provider="busqueda1" finished-at="2022-03-02T11:48:34 COT" duration-ms="160979" status="PASS">
          <params>
            <param index="0">
              <value>
                <![CDATA[SI]]>
              </value>
            </param>
            <param index="1">
              <value>
                <![CDATA[SI]]>
              </value>
            </param>
            <param index="2">
              <value>
                <![CDATA[Periferia IT]]>
              </value>
            </param>
          </params>
          <reporter-output>
          </reporter-output>
        </test-method> <!-- pruebaPeriferiaTestNG -->
        <test-method is-config="true" signature="afterClass()[pri:0, instance:com.testNG.RunTestNG@1e802ef9]" started-at="2022-03-02T11:48:37 COT" name="afterClass" finished-at="2022-03-02T11:48:52 COT" duration-ms="14668" status="PASS">
          <reporter-output>
          </reporter-output>
        </test-method> <!-- afterClass -->
      </class> <!-- com.testNG.RunTestNG -->
    </test> <!-- Test -->
  </suite> <!-- Suite -->
</testng-results>
